<?xml version="1.0" encoding="UTF-8"?>
<testng-results skipped="0" failed="0" ignored="0" total="1" passed="1">
  <reporter-output>
  </reporter-output>
  <suite name="Default suite" duration-ms="46" started-at="2020-09-30T17:02:06Z" finished-at="2020-09-30T17:02:06Z">
    <groups>
    </groups>
    <test name="Default test" duration-ms="46" started-at="2020-09-30T17:02:06Z" finished-at="2020-09-30T17:02:06Z">
      <class name="CoolTesters.Selenium.AppTest">
        <test-method status="PASS" signature="shouldAnswerWithTrue()[pri:0, instance:CoolTesters.Selenium.AppTest@4de5031f]" name="shouldAnswerWithTrue" duration-ms="17" started-at="2020-09-30T12:02:06Z" finished-at="2020-09-30T12:02:06Z">
          <reporter-output>
          </reporter-output>
        </test-method> <!-- shouldAnswerWithTrue -->
      </class> <!-- CoolTesters.Selenium.AppTest -->
    </test> <!-- Default test -->
  </suite> <!-- Default suite -->
</testng-results>
